id 2602
127.0.0.1 - - [29/Jan/2023 03:22:24] "POST /upload HTTP/1.1" 200 30
id 9159
127.0.0.1 - - [29/Jan/2023 03:51:36] "POST /upload HTTP/1.1" 200 30
/home/viktor/anaconda3/envs/openmmlab/lib/python3.8/site-packages/mmcv/__init__.py:20: UserWarning: On January 1, 2023, MMCV will release v2.0.0, in which it will remove components related to the training process and add a data transformation module. In addition, it will rename the package names mmcv to mmcv-lite and mmcv-full to mmcv. See https://github.com/open-mmlab/mmcv/blob/master/docs/en/compatibility.md for more details.
  warnings.warn(
/home/viktor/Tools/mmdetection/mmdet/datasets/utils.py:66: UserWarning: "ImageToTensor" pipeline is replaced by "DefaultFormatBundle" for batch inference. It is recommended to manually replace it in the test data pipeline in your config file.
  warnings.warn(
start id= 9159
load checkpoint from local path: mask_rcnn_r50_caffe_fpn_mstrain-poly_3x_coco_bbox_mAP-0.408__segm_mAP-0.37_20200504_163245-42aa3d00.pth
processing time: 3
id 5356
127.0.0.1 - - [29/Jan/2023 03:53:24] "POST /upload HTTP/1.1" 200 30
/home/viktor/anaconda3/envs/openmmlab/lib/python3.8/site-packages/mmcv/__init__.py:20: UserWarning: On January 1, 2023, MMCV will release v2.0.0, in which it will remove components related to the training process and add a data transformation module. In addition, it will rename the package names mmcv to mmcv-lite and mmcv-full to mmcv. See https://github.com/open-mmlab/mmcv/blob/master/docs/en/compatibility.md for more details.
  warnings.warn(
/home/viktor/Tools/mmdetection/mmdet/datasets/utils.py:66: UserWarning: "ImageToTensor" pipeline is replaced by "DefaultFormatBundle" for batch inference. It is recommended to manually replace it in the test data pipeline in your config file.
  warnings.warn(
start id= 5356
load checkpoint from local path: mask_rcnn_r50_caffe_fpn_mstrain-poly_3x_coco_bbox_mAP-0.408__segm_mAP-0.37_20200504_163245-42aa3d00.pth
processing time: 3
id 6815
127.0.0.1 - - [29/Jan/2023 04:13:54] "POST /upload HTTP/1.1" 200 30
/home/viktor/anaconda3/envs/openmmlab/lib/python3.8/site-packages/mmcv/__init__.py:20: UserWarning: On January 1, 2023, MMCV will release v2.0.0, in which it will remove components related to the training process and add a data transformation module. In addition, it will rename the package names mmcv to mmcv-lite and mmcv-full to mmcv. See https://github.com/open-mmlab/mmcv/blob/master/docs/en/compatibility.md for more details.
  warnings.warn(
/home/viktor/Tools/mmdetection/mmdet/datasets/utils.py:66: UserWarning: "ImageToTensor" pipeline is replaced by "DefaultFormatBundle" for batch inference. It is recommended to manually replace it in the test data pipeline in your config file.
  warnings.warn(
start id= 6815
load checkpoint from local path: mask_rcnn_r50_caffe_fpn_mstrain-poly_3x_coco_bbox_mAP-0.408__segm_mAP-0.37_20200504_163245-42aa3d00.pth
processing time: 3
id 3965
127.0.0.1 - - [29/Jan/2023 04:26:35] "POST /upload HTTP/1.1" 200 30
/home/viktor/anaconda3/envs/openmmlab/lib/python3.8/site-packages/mmcv/__init__.py:20: UserWarning: On January 1, 2023, MMCV will release v2.0.0, in which it will remove components related to the training process and add a data transformation module. In addition, it will rename the package names mmcv to mmcv-lite and mmcv-full to mmcv. See https://github.com/open-mmlab/mmcv/blob/master/docs/en/compatibility.md for more details.
  warnings.warn(
/home/viktor/Tools/mmdetection/mmdet/datasets/utils.py:66: UserWarning: "ImageToTensor" pipeline is replaced by "DefaultFormatBundle" for batch inference. It is recommended to manually replace it in the test data pipeline in your config file.
  warnings.warn(
start id= 3965
load checkpoint from local path: mask_rcnn_r50_caffe_fpn_mstrain-poly_3x_coco_bbox_mAP-0.408__segm_mAP-0.37_20200504_163245-42aa3d00.pth
processing time: 2
id 6250
127.0.0.1 - - [29/Jan/2023 05:24:32] "POST /upload HTTP/1.1" 200 30
/home/viktor/anaconda3/envs/openmmlab/lib/python3.8/site-packages/mmcv/__init__.py:20: UserWarning: On January 1, 2023, MMCV will release v2.0.0, in which it will remove components related to the training process and add a data transformation module. In addition, it will rename the package names mmcv to mmcv-lite and mmcv-full to mmcv. See https://github.com/open-mmlab/mmcv/blob/master/docs/en/compatibility.md for more details.
  warnings.warn(
/home/viktor/Tools/mmdetection/mmdet/datasets/utils.py:66: UserWarning: "ImageToTensor" pipeline is replaced by "DefaultFormatBundle" for batch inference. It is recommended to manually replace it in the test data pipeline in your config file.
  warnings.warn(
start id= 6250
load checkpoint from local path: mask_rcnn_r50_caffe_fpn_mstrain-poly_3x_coco_bbox_mAP-0.408__segm_mAP-0.37_20200504_163245-42aa3d00.pth
processing time: 11
id 9749
127.0.0.1 - - [29/Jan/2023 05:36:22] "POST /upload HTTP/1.1" 200 30
/home/viktor/anaconda3/envs/openmmlab/lib/python3.8/site-packages/mmcv/__init__.py:20: UserWarning: On January 1, 2023, MMCV will release v2.0.0, in which it will remove components related to the training process and add a data transformation module. In addition, it will rename the package names mmcv to mmcv-lite and mmcv-full to mmcv. See https://github.com/open-mmlab/mmcv/blob/master/docs/en/compatibility.md for more details.
  warnings.warn(
/home/viktor/Tools/mmdetection/mmdet/datasets/utils.py:66: UserWarning: "ImageToTensor" pipeline is replaced by "DefaultFormatBundle" for batch inference. It is recommended to manually replace it in the test data pipeline in your config file.
  warnings.warn(
start id= 9749
load checkpoint from local path: mask_rcnn_r50_caffe_fpn_mstrain-poly_3x_coco_bbox_mAP-0.408__segm_mAP-0.37_20200504_163245-42aa3d00.pth
processing time: 3
id 6303
127.0.0.1 - - [29/Jan/2023 05:38:55] "POST /upload HTTP/1.1" 200 30
/home/viktor/anaconda3/envs/openmmlab/lib/python3.8/site-packages/mmcv/__init__.py:20: UserWarning: On January 1, 2023, MMCV will release v2.0.0, in which it will remove components related to the training process and add a data transformation module. In addition, it will rename the package names mmcv to mmcv-lite and mmcv-full to mmcv. See https://github.com/open-mmlab/mmcv/blob/master/docs/en/compatibility.md for more details.
  warnings.warn(
/home/viktor/Tools/mmdetection/mmdet/datasets/utils.py:66: UserWarning: "ImageToTensor" pipeline is replaced by "DefaultFormatBundle" for batch inference. It is recommended to manually replace it in the test data pipeline in your config file.
  warnings.warn(
start id= 6303
load checkpoint from local path: mask_rcnn_r50_caffe_fpn_mstrain-poly_3x_coco_bbox_mAP-0.408__segm_mAP-0.37_20200504_163245-42aa3d00.pth
processing time: 4
